0 info it worked if it ends with ok
1 verbose cli [ 'C:\\Program Files\\nodejs\\node.exe',
1 verbose cli   'C:\\Program Files\\nodejs\\node_modules\\npm\\bin\\npm-cli.js',
1 verbose cli   'run',
1 verbose cli   'test-watch' ]
2 info using npm@3.10.10
3 info using node@v6.11.5
4 verbose run-script [ 'pretest-watch', 'test-watch', 'posttest-watch' ]
5 info lifecycle node-chat-app@1.0.0~pretest-watch: node-chat-app@1.0.0
6 silly lifecycle node-chat-app@1.0.0~pretest-watch: no script for pretest-watch, continuing
7 info lifecycle node-chat-app@1.0.0~test-watch: node-chat-app@1.0.0
8 verbose lifecycle node-chat-app@1.0.0~test-watch: unsafe-perm in lifecycle true
9 verbose lifecycle node-chat-app@1.0.0~test-watch: PATH: C:\Program Files\nodejs\node_modules\npm\bin\node-gyp-bin;C:\Users\Prince Sharma\Desktop\node-chat-app\node_modules\.bin;C:\Program Files\Java\jdk-10\bin;C:\Program Files\nodejs\;%SystemRoot%\system32;%SystemRoot%;%SystemRoot%\System32\Wbem;%SYSTEMROOT%\System32\WindowsPowerShell\v1.0\;%SYSTEMROOT%\System32\OpenSSH\;C:\Users\Prince Sharma\AppData\Local\Microsoft\WindowsApps;C:\Program Files\Heroku\bin;C:\Users\Prince Sharma\AppData\Roaming\npm;C:\Users\Prince Sharma\AppData\Local\atom\bin
10 verbose lifecycle node-chat-app@1.0.0~test-watch: CWD: C:\Users\Prince Sharma\Desktop\node-chat-app
11 silly lifecycle node-chat-app@1.0.0~test-watch: Args: [ '/d /s /c', 'nodemon --exec "npm test"' ]
12 silly lifecycle node-chat-app@1.0.0~test-watch: Returned: code: 3221225786  signal: null
13 info lifecycle node-chat-app@1.0.0~test-watch: Failed to exec test-watch script
14 verbose stack Error: node-chat-app@1.0.0 test-watch: `nodemon --exec "npm test"`
14 verbose stack Exit status 3221225786
14 verbose stack     at EventEmitter.<anonymous> (C:\Program Files\nodejs\node_modules\npm\lib\utils\lifecycle.js:255:16)
14 verbose stack     at emitTwo (events.js:106:13)
14 verbose stack     at EventEmitter.emit (events.js:191:7)
14 verbose stack     at ChildProcess.<anonymous> (C:\Program Files\nodejs\node_modules\npm\lib\utils\spawn.js:40:14)
14 verbose stack     at emitTwo (events.js:106:13)
14 verbose stack     at ChildProcess.emit (events.js:191:7)
14 verbose stack     at maybeClose (internal/child_process.js:920:16)
14 verbose stack     at Process.ChildProcess._handle.onexit (internal/child_process.js:230:5)
15 verbose pkgid node-chat-app@1.0.0
16 verbose cwd C:\Users\Prince Sharma\Desktop\node-chat-app
17 error Windows_NT 10.0.17134
18 error argv "C:\\Program Files\\nodejs\\node.exe" "C:\\Program Files\\nodejs\\node_modules\\npm\\bin\\npm-cli.js" "run" "test-watch"
19 error node v6.11.5
20 error npm  v3.10.10
21 error code ELIFECYCLE
22 error node-chat-app@1.0.0 test-watch: `nodemon --exec "npm test"`
22 error Exit status 3221225786
23 error Failed at the node-chat-app@1.0.0 test-watch script 'nodemon --exec "npm test"'.
23 error Make sure you have the latest version of node.js and npm installed.
23 error If you do, this is most likely a problem with the node-chat-app package,
23 error not with npm itself.
23 error Tell the author that this fails on your system:
23 error     nodemon --exec "npm test"
23 error You can get information on how to open an issue for this project with:
23 error     npm bugs node-chat-app
23 error Or if that isn't available, you can get their info via:
23 error     npm owner ls node-chat-app
23 error There is likely additional logging output above.
24 verbose exit [ 1, true ]
